# JRE version: OpenJDK Runtime Environment (11.0.10) (build 11.0.10+0-b96-7249189)
# Java VM: OpenJDK 64-Bit Server VM (11.0.10+0-b96-7249189, mixed mode, tiered, compressed oops, g1 gc, windows-amd64)
Heap:
 garbage-first heap   total 452608K, used 238031K [0x00000000a1e00000, 0x0000000100000000)
  region size 1024K, 6 young (6144K), 4 survivors (4096K)
 Metaspace       used 75087K, capacity 76410K, committed 76544K, reserved 1118208K
  class space    used 7932K, capacity 8392K, committed 8448K, reserved 1048576K
GC Heap History (20 events):
Event: 116.815 GC heap before
{Heap before GC invocations=74 (full 0):
 garbage-first heap   total 248832K, used 231211K [0x00000000a1e00000, 0x0000000100000000)
  region size 1024K, 12 young (12288K), 2 survivors (2048K)
 Metaspace       used 74437K, capacity 75728K, committed 76032K, reserved 1116160K
  class space    used 7904K, capacity 8360K, committed 8448K, reserved 1048576K
}
Event: 116.849 GC heap after
{Heap after GC invocations=75 (full 0):
 garbage-first heap   total 248832K, used 221541K [0x00000000a1e00000, 0x0000000100000000)
  region size 1024K, 1 young (1024K), 1 survivors (1024K)
 Metaspace       used 74437K, capacity 75728K, committed 76032K, reserved 1116160K
  class space    used 7904K, capacity 8360K, committed 8448K, reserved 1048576K
}
Event: 117.836 GC heap before
{Heap before GC invocations=75 (full 0):
 garbage-first heap   total 248832K, used 232805K [0x00000000a1e00000, 0x0000000100000000)
  region size 1024K, 12 young (12288K), 1 survivors (1024K)
 Metaspace       used 74607K, capacity 75890K, committed 76032K, reserved 1116160K
  class space    used 7927K, capacity 8392K, committed 8448K, reserved 1048576K
}
Event: 117.853 GC heap after
{Heap after GC invocations=76 (full 0):
 garbage-first heap   total 299008K, used 222532K [0x00000000a1e00000, 0x0000000100000000)
  region size 1024K, 2 young (2048K), 2 survivors (2048K)
 Metaspace       used 74607K, capacity 75890K, committed 76032K, reserved 1116160K
  class space    used 7927K, capacity 8392K, committed 8448K, reserved 1048576K
}
Event: 119.760 GC heap before
{Heap before GC invocations=76 (full 0):
 garbage-first heap   total 299008K, used 245060K [0x00000000a1e00000, 0x0000000100000000)
  region size 1024K, 24 young (24576K), 2 survivors (2048K)
 Metaspace       used 74708K, capacity 76088K, committed 76288K, reserved 1118208K
  class space    used 7928K, capacity 8392K, committed 8448K, reserved 1048576K
}
Event: 119.872 GC heap after
{Heap after GC invocations=77 (full 0):
 garbage-first heap   total 299008K, used 224413K [0x00000000a1e00000, 0x0000000100000000)
  region size 1024K, 3 young (3072K), 3 survivors (3072K)
 Metaspace       used 74708K, capacity 76088K, committed 76288K, reserved 1118208K
  class space    used 7928K, capacity 8392K, committed 8448K, reserved 1048576K
}
Event: 122.103 GC heap before
{Heap before GC invocations=77 (full 0):
 garbage-first heap   total 299008K, used 245917K [0x00000000a1e00000, 0x0000000100000000)
  region size 1024K, 26 young (26624K), 3 survivors (3072K)
 Metaspace       used 74770K, capacity 76152K, committed 76288K, reserved 1118208K
  class space    used 7930K, capacity 8392K, committed 8448K, reserved 1048576K
}
Event: 122.179 GC heap after
{Heap after GC invocations=78 (full 0):
 garbage-first heap   total 299008K, used 224617K [0x00000000a1e00000, 0x0000000100000000)
  region size 1024K, 4 young (4096K), 4 survivors (4096K)
 Metaspace       used 74770K, capacity 76152K, committed 76288K, reserved 1118208K
  class space    used 7930K, capacity 8392K, committed 8448K, reserved 1048576K
}
Event: 123.698 GC heap before
{Heap before GC invocations=78 (full 0):
 garbage-first heap   total 299008K, used 249193K [0x00000000a1e00000, 0x0000000100000000)
  region size 1024K, 28 young (28672K), 4 survivors (4096K)
 Metaspace       used 74816K, capacity 76152K, committed 76288K, reserved 1118208K
  class space    used 7930K, capacity 8392K, committed 8448K, reserved 1048576K
}
Event: 123.733 GC heap after
{Heap after GC invocations=79 (full 0):
 garbage-first heap   total 299008K, used 226687K [0x00000000a1e00000, 0x0000000100000000)
  region size 1024K, 3 young (3072K), 3 survivors (3072K)
 Metaspace       used 74816K, capacity 76152K, committed 76288K, reserved 1118208K
  class space    used 7930K, capacity 8392K, committed 8448K, reserved 1048576K
}
Event: 124.667 GC heap before
{Heap before GC invocations=80 (full 0):
 garbage-first heap   total 299008K, used 251263K [0x00000000a1e00000, 0x0000000100000000)
  region size 1024K, 27 young (27648K), 3 survivors (3072K)
 Metaspace       used 74879K, capacity 76216K, committed 76288K, reserved 1118208K
  class space    used 7930K, capacity 8392K, committed 8448K, reserved 1048576K
}
Event: 124.680 GC heap after
{Heap after GC invocations=81 (full 0):
 garbage-first heap   total 299008K, used 228523K [0x00000000a1e00000, 0x0000000100000000)
  region size 1024K, 4 young (4096K), 4 survivors (4096K)
 Metaspace       used 74879K, capacity 76216K, committed 76288K, reserved 1118208K
  class space    used 7930K, capacity 8392K, committed 8448K, reserved 1048576K
}
Event: 125.700 GC heap before
{Heap before GC invocations=81 (full 0):
 garbage-first heap   total 299008K, used 253099K [0x00000000a1e00000, 0x0000000100000000)
  region size 1024K, 28 young (28672K), 4 survivors (4096K)
 Metaspace       used 74926K, capacity 76280K, committed 76544K, reserved 1118208K
  class space    used 7932K, capacity 8392K, committed 8448K, reserved 1048576K
}
Event: 125.718 GC heap after
{Heap after GC invocations=82 (full 0):
 garbage-first heap   total 299008K, used 230535K [0x00000000a1e00000, 0x0000000100000000)
  region size 1024K, 4 young (4096K), 4 survivors (4096K)
 Metaspace       used 74926K, capacity 76280K, committed 76544K, reserved 1118208K
  class space    used 7932K, capacity 8392K, committed 8448K, reserved 1048576K
}
Event: 126.473 GC heap before
{Heap before GC invocations=82 (full 0):
 garbage-first heap   total 299008K, used 255111K [0x00000000a1e00000, 0x0000000100000000)
  region size 1024K, 28 young (28672K), 4 survivors (4096K)
 Metaspace       used 74979K, capacity 76346K, committed 76544K, reserved 1118208K
  class space    used 7932K, capacity 8392K, committed 8448K, reserved 1048576K
}
Event: 126.493 GC heap after
{Heap after GC invocations=83 (full 0):
 garbage-first heap   total 299008K, used 232911K [0x00000000a1e00000, 0x0000000100000000)
  region size 1024K, 4 young (4096K), 4 survivors (4096K)
 Metaspace       used 74979K, capacity 76346K, committed 76544K, reserved 1118208K
  class space    used 7932K, capacity 8392K, committed 8448K, reserved 1048576K
}
Event: 128.895 GC heap before
{Heap before GC invocations=83 (full 0):
 garbage-first heap   total 299008K, used 256463K [0x00000000a1e00000, 0x0000000100000000)
  region size 1024K, 27 young (27648K), 4 survivors (4096K)
 Metaspace       used 75033K, capacity 76410K, committed 76544K, reserved 1118208K
  class space    used 7932K, capacity 8392K, committed 8448K, reserved 1048576K
}
Event: 128.939 GC heap after
{Heap after GC invocations=84 (full 0):
 garbage-first heap   total 299008K, used 235351K [0x00000000a1e00000, 0x0000000100000000)
  region size 1024K, 3 young (3072K), 3 survivors (3072K)
 Metaspace       used 75033K, capacity 76410K, committed 76544K, reserved 1118208K
  class space    used 7932K, capacity 8392K, committed 8448K, reserved 1048576K
}
Event: 130.816 GC heap before
{Heap before GC invocations=84 (full 0):
 garbage-first heap   total 299008K, used 257879K [0x00000000a1e00000, 0x0000000100000000)
  region size 1024K, 25 young (25600K), 3 survivors (3072K)
 Metaspace       used 75081K, capacity 76410K, committed 76544K, reserved 1118208K
  class space    used 7932K, capacity 8392K, committed 8448K, reserved 1048576K
}
Event: 130.841 GC heap after
{Heap after GC invocations=85 (full 0):
 garbage-first heap   total 452608K, used 237007K [0x00000000a1e00000, 0x0000000100000000)
  region size 1024K, 4 young (4096K), 4 survivors (4096K)
 Metaspace       used 75081K, capacity 76410K, committed 76544K, reserved 1118208K
  class space    used 7932K, capacity 8392K, committed 8448K, reserved 1048576K
}

